<?xml version="1.0" encoding="UTF-8"?>
<testsuite name="com.emarsys.utils.DayConverterToDateTest" tests="1" skipped="0" failures="0" errors="0" timestamp="2021-05-18T05:52:46" hostname="DESKTOP-G1UTRGB" time="0.015">
  <properties/>
  <testcase name="shouldConvertDaysToYearsMonthsDays()" classname="com.emarsys.utils.DayConverterToDateTest" time="0.015"/>
  <system-out><![CDATA[]]></system-out>
  <system-err><![CDATA[]]></system-err>
</testsuite>
